<?xml version="1.0" encoding="UTF-8"?>
<!-- Generated by org.testng.reporters.JUnitReportReporter -->
<testsuite hostname="DESKTOP-50R95LN" failures="0" tests="1" name="runners.TestProject" time="17.579" errors="0" timestamp="2025-09-19T12:59:17 IST" skipped="0">
  <testcase classname="runners.TestProject" name="Functionality" time="17.579"/>
</testsuite> <!-- runners.TestProject -->
